e:\github\pge_portfolio\pge_2dgame_portfolio\x64\debug\vc143.pdb
e:\github\pge_portfolio\pge_2dgame_portfolio\x64\debug\vc143.idb
e:\github\pge_portfolio\pge_2dgame_portfolio\x64\debug\main.obj
e:\github\pge_portfolio\pge_2dgame_portfolio\x64\debug\core.obj
e:\github\pge_portfolio\pge_2dgame_portfolio\x64\debug\testscene.obj
e:\github\pge_portfolio\pge_2dgame_portfolio\x64\debug\scene.obj
e:\github\pge_portfolio\pge_2dgame_portfolio\x64\debug\tile.obj
e:\github\pge_portfolio\pge_2dgame_portfolio\x64\debug\obj.obj
e:\github\pge_portfolio\pge_2dgame_portfolio\x64\debug\map.obj
e:\github\pge_portfolio\pge_2dgame_portfolio\x64\debug\tower.obj
e:\github\pge_portfolio\pge_2dgame_portfolio\x64\debug\enemy.obj
e:\github\pge_portfolio\pge_2dgame_portfolio\bin\pge_2dgame_portfolio_debug.exe
e:\github\pge_portfolio\pge_2dgame_portfolio\x64\debug\pge_2dgame_portfolio_debug.ilk
e:\github\pge_portfolio\pge_2dgame_portfolio\bin\pge_2dgame_portfolio_debug.pdb
e:\github\pge_portfolio\pge_2dgame_portfolio\bin/pge_2dgame_portfolio_debug.pdb
e:\github\pge_portfolio\pge_2dgame_portfolio\x64\debug\pge_2dga.ebcc12ed.tlog\cl.command.1.tlog
e:\github\pge_portfolio\pge_2dgame_portfolio\x64\debug\pge_2dga.ebcc12ed.tlog\cl.read.1.tlog
e:\github\pge_portfolio\pge_2dgame_portfolio\x64\debug\pge_2dga.ebcc12ed.tlog\cl.write.1.tlog
e:\github\pge_portfolio\pge_2dgame_portfolio\x64\debug\pge_2dga.ebcc12ed.tlog\link.command.1.tlog
e:\github\pge_portfolio\pge_2dgame_portfolio\x64\debug\pge_2dga.ebcc12ed.tlog\link.read.1.tlog
e:\github\pge_portfolio\pge_2dgame_portfolio\x64\debug\pge_2dga.ebcc12ed.tlog\link.write.1.tlog
